<?xml version="1.0" encoding="UTF-8"?>
<!-- Generated by org.testng.reporters.JUnitXMLReporter -->
<testsuite ignored="0" hostname="WINDOWS-GFC608F" failures="0" tests="7" name="Test" time="31.034" errors="0" timestamp="2024-05-25T10:58:21 IST">
  <testcase classname="org.testing.testScripts.TC1_PostRequest" name="testcase1" time="27.548"/>
  <testcase classname="org.testing.testScripts.TC2_GetAllRequest" name="testcase2" time="0.092"/>
  <testcase classname="org.testing.testScripts.TC3_GetParticularoRequest" name="testcase3" time="0.049"/>
  <testcase classname="org.testing.testScripts.TC4_PutRequest" name="testcase4" time="0.097"/>
  <testcase classname="org.testing.testScripts.TC5_DeleteParticulorRecord" name="testcase5" time="0.066"/>
  <testcase classname="org.testing.testScripts.TC6_RealAPIPostRequest" name="testcase6" time="2.147"/>
  <testcase classname="org.testing.testScripts.TC7_RealAPIGetAllRequest" name="testcase7" time="0.71"/>
</testsuite> <!-- Test -->
