<?xml version="1.0" encoding="UTF-8"?>
<testng-results ignored="0" total="7" passed="7" failed="0" skipped="0">
  <reporter-output>
  </reporter-output>
  <suite started-at="2024-04-23T18:14:36 IST" name="Suite" finished-at="2024-04-23T18:14:51 IST" duration-ms="15603">
    <groups>
    </groups>
    <test started-at="2024-04-23T18:14:36 IST" name="Test" finished-at="2024-04-23T18:14:51 IST" duration-ms="15603">
      <class name="org.testing.testScripts.TC3_GetParticularoRequest">
        <test-method signature="testcase3()[pri:0, instance:org.testing.testScripts.TC3_GetParticularoRequest@4145bad8]" started-at="2024-04-23T18:14:48 IST" name="testcase3" finished-at="2024-04-23T18:14:48 IST" duration-ms="78" status="PASS">
          <reporter-output>
          </reporter-output>
        </test-method> <!-- testcase3 -->
      </class> <!-- org.testing.testScripts.TC3_GetParticularoRequest -->
      <class name="org.testing.testScripts.TC2_GetAllRequest">
        <test-method signature="testcase2()[pri:0, instance:org.testing.testScripts.TC2_GetAllRequest@63376bed]" started-at="2024-04-23T18:14:48 IST" name="testcase2" finished-at="2024-04-23T18:14:48 IST" duration-ms="82" status="PASS">
          <reporter-output>
          </reporter-output>
        </test-method> <!-- testcase2 -->
      </class> <!-- org.testing.testScripts.TC2_GetAllRequest -->
      <class name="org.testing.testScripts.TC7_RealAPIGetAllRequest">
        <test-method signature="testcase7()[pri:0, instance:org.testing.testScripts.TC7_RealAPIGetAllRequest@3646a422]" started-at="2024-04-23T18:14:50 IST" name="testcase7" finished-at="2024-04-23T18:14:51 IST" duration-ms="1272" status="PASS">
          <reporter-output>
          </reporter-output>
        </test-method> <!-- testcase7 -->
      </class> <!-- org.testing.testScripts.TC7_RealAPIGetAllRequest -->
      <class name="org.testing.testScripts.TC1_PostRequest">
        <test-method signature="testcase1()[pri:0, instance:org.testing.testScripts.TC1_PostRequest@2794eab6]" started-at="2024-04-23T18:14:36 IST" name="testcase1" finished-at="2024-04-23T18:14:48 IST" duration-ms="12189" status="PASS">
          <reporter-output>
          </reporter-output>
        </test-method> <!-- testcase1 -->
      </class> <!-- org.testing.testScripts.TC1_PostRequest -->
      <class name="org.testing.testScripts.TC4_PutRequest">
        <test-method signature="testcase4()[pri:0, instance:org.testing.testScripts.TC4_PutRequest@d86a6f]" started-at="2024-04-23T18:14:48 IST" name="testcase4" finished-at="2024-04-23T18:14:48 IST" duration-ms="52" status="PASS">
          <reporter-output>
          </reporter-output>
        </test-method> <!-- testcase4 -->
      </class> <!-- org.testing.testScripts.TC4_PutRequest -->
      <class name="org.testing.testScripts.TC5_DeleteParticulorRecord">
        <test-method signature="testcase5()[pri:0, instance:org.testing.testScripts.TC5_DeleteParticulorRecord@2892d68]" started-at="2024-04-23T18:14:48 IST" name="testcase5" finished-at="2024-04-23T18:14:48 IST" duration-ms="68" status="PASS">
          <reporter-output>
          </reporter-output>
        </test-method> <!-- testcase5 -->
      </class> <!-- org.testing.testScripts.TC5_DeleteParticulorRecord -->
      <class name="org.testing.testScripts.TC6_RealAPIPostRequest">
        <test-method signature="testcase6()[pri:0, instance:org.testing.testScripts.TC6_RealAPIPostRequest@5ab956d7]" started-at="2024-04-23T18:14:48 IST" name="testcase6" finished-at="2024-04-23T18:14:50 IST" duration-ms="1676" status="PASS">
          <reporter-output>
          </reporter-output>
        </test-method> <!-- testcase6 -->
      </class> <!-- org.testing.testScripts.TC6_RealAPIPostRequest -->
    </test> <!-- Test -->
  </suite> <!-- Suite -->
</testng-results>
