<?xml version="1.0" encoding="UTF-8"?>
<testng-results ignored="0" total="7" passed="7" failed="0" skipped="0">
  <reporter-output>
  </reporter-output>
  <suite started-at="2024-04-26T13:07:08 IST" name="Suite" finished-at="2024-04-26T13:07:15 IST" duration-ms="7231">
    <groups>
    </groups>
    <test started-at="2024-04-26T13:07:08 IST" name="Test" finished-at="2024-04-26T13:07:15 IST" duration-ms="7231">
      <class name="org.testing.testScripts.TC3_GetParticularoRequest">
        <test-method signature="testcase3()[pri:0, instance:org.testing.testScripts.TC3_GetParticularoRequest@4145bad8]" started-at="2024-04-26T13:07:13 IST" name="testcase3" finished-at="2024-04-26T13:07:13 IST" duration-ms="44" status="PASS">
          <reporter-output>
          </reporter-output>
        </test-method> <!-- testcase3 -->
      </class> <!-- org.testing.testScripts.TC3_GetParticularoRequest -->
      <class name="org.testing.testScripts.TC2_GetAllRequest">
        <test-method signature="testcase2()[pri:0, instance:org.testing.testScripts.TC2_GetAllRequest@63376bed]" started-at="2024-04-26T13:07:13 IST" name="testcase2" finished-at="2024-04-26T13:07:13 IST" duration-ms="62" status="PASS">
          <reporter-output>
          </reporter-output>
        </test-method> <!-- testcase2 -->
      </class> <!-- org.testing.testScripts.TC2_GetAllRequest -->
      <class name="org.testing.testScripts.TC7_RealAPIGetAllRequest">
        <test-method signature="testcase7()[pri:0, instance:org.testing.testScripts.TC7_RealAPIGetAllRequest@3646a422]" started-at="2024-04-26T13:07:15 IST" name="testcase7" finished-at="2024-04-26T13:07:15 IST" duration-ms="422" status="PASS">
          <reporter-output>
          </reporter-output>
        </test-method> <!-- testcase7 -->
      </class> <!-- org.testing.testScripts.TC7_RealAPIGetAllRequest -->
      <class name="org.testing.testScripts.TC1_PostRequest">
        <test-method signature="testcase1()[pri:0, instance:org.testing.testScripts.TC1_PostRequest@2794eab6]" started-at="2024-04-26T13:07:08 IST" name="testcase1" finished-at="2024-04-26T13:07:13 IST" duration-ms="4843" status="PASS">
          <reporter-output>
          </reporter-output>
        </test-method> <!-- testcase1 -->
      </class> <!-- org.testing.testScripts.TC1_PostRequest -->
      <class name="org.testing.testScripts.TC4_PutRequest">
        <test-method signature="testcase4()[pri:0, instance:org.testing.testScripts.TC4_PutRequest@d86a6f]" started-at="2024-04-26T13:07:13 IST" name="testcase4" finished-at="2024-04-26T13:07:13 IST" duration-ms="52" status="PASS">
          <reporter-output>
          </reporter-output>
        </test-method> <!-- testcase4 -->
      </class> <!-- org.testing.testScripts.TC4_PutRequest -->
      <class name="org.testing.testScripts.TC5_DeleteParticulorRecord">
        <test-method signature="testcase5()[pri:0, instance:org.testing.testScripts.TC5_DeleteParticulorRecord@2892d68]" started-at="2024-04-26T13:07:13 IST" name="testcase5" finished-at="2024-04-26T13:07:13 IST" duration-ms="47" status="PASS">
          <reporter-output>
          </reporter-output>
        </test-method> <!-- testcase5 -->
      </class> <!-- org.testing.testScripts.TC5_DeleteParticulorRecord -->
      <class name="org.testing.testScripts.TC6_RealAPIPostRequest">
        <test-method signature="testcase6()[pri:0, instance:org.testing.testScripts.TC6_RealAPIPostRequest@5ab956d7]" started-at="2024-04-26T13:07:13 IST" name="testcase6" finished-at="2024-04-26T13:07:15 IST" duration-ms="1595" status="PASS">
          <reporter-output>
          </reporter-output>
        </test-method> <!-- testcase6 -->
      </class> <!-- org.testing.testScripts.TC6_RealAPIPostRequest -->
    </test> <!-- Test -->
  </suite> <!-- Suite -->
</testng-results>
